[debug] [2017-06-28T20:10:49.616Z] ----------------------------------------------------------------------
[debug] [2017-06-28T20:10:49.618Z] Command:      /usr/bin/nodejs /media/amirsaber/ExtraDrive1/Geek/Scarecrow/node_modules/.bin/firebase deploy
[debug] [2017-06-28T20:10:49.618Z] CLI Version:  3.9.1
[debug] [2017-06-28T20:10:49.618Z] Platform:     linux
[debug] [2017-06-28T20:10:49.618Z] Node Version: v8.1.2
[debug] [2017-06-28T20:10:49.618Z] Time:         Wed Jun 28 2017 16:10:49 GMT-0400 (EDT)
[debug] [2017-06-28T20:10:49.618Z] ----------------------------------------------------------------------
[debug] 
[debug] [2017-06-28T20:10:49.626Z] > command requires scopes: ["email","openid","https://www.googleapis.com/auth/cloudplatformprojects.readonly","https://www.googleapis.com/auth/firebase","https://www.googleapis.com/auth/cloud-platform"]
[debug] [2017-06-28T20:10:49.626Z] > authorizing via signed-in user
[debug] [2017-06-28T20:10:49.627Z] >>> HTTP REQUEST GET https://admin.firebase.com/v1/projects/scarecrow-aafc8  
 Wed Jun 28 2017 16:10:49 GMT-0400 (EDT)
[debug] [2017-06-28T20:10:50.355Z] <<< HTTP RESPONSE 200
[debug] [2017-06-28T20:10:50.355Z] >>> HTTP REQUEST GET https://admin.firebase.com/v1/database/scarecrow-aafc8/tokens  
 Wed Jun 28 2017 16:10:50 GMT-0400 (EDT)
[debug] [2017-06-28T20:10:50.849Z] <<< HTTP RESPONSE 200
[info] 
[info] === Deploying to 'scarecrow-aafc8'...
[info] 
[info] i  deploying database, functions, hosting
[info] ✔  database: rules ready to deploy.
[debug] [2017-06-28T20:10:51.837Z] > [functions] package.json contents: {
  "name": "functions",
  "description": "Cloud Functions for Firebase",
  "dependencies": {
    "firebase-admin": "~4.2.1",
    "firebase-functions": "^0.5.7"
  },
  "private": true
}
[info] i  functions: ensuring necessary APIs are enabled...
[info] i  runtimeconfig: ensuring necessary APIs are enabled...
[debug] [2017-06-28T20:10:51.838Z] >>> HTTP REQUEST GET https://servicemanagement.googleapis.com/v1/services/cloudfunctions.googleapis.com/projectSettings/scarecrow-aafc8?view=CONSUMER_VIEW  
 Wed Jun 28 2017 16:10:51 GMT-0400 (EDT)
[debug] [2017-06-28T20:10:51.838Z] >>> HTTP REQUEST GET https://servicemanagement.googleapis.com/v1/services/runtimeconfig.googleapis.com/projectSettings/scarecrow-aafc8?view=CONSUMER_VIEW  
 Wed Jun 28 2017 16:10:51 GMT-0400 (EDT)
[debug] [2017-06-28T20:10:52.414Z] <<< HTTP RESPONSE 200
[info] ✔  runtimeconfig: all necessary APIs are enabled
[debug] [2017-06-28T20:10:52.449Z] <<< HTTP RESPONSE 200
[info] ✔  functions: all necessary APIs are enabled
[debug] [2017-06-28T20:10:52.450Z] >>> HTTP REQUEST GET https://appengine.googleapis.com/v1/apps/scarecrow-aafc8  
 Wed Jun 28 2017 16:10:52 GMT-0400 (EDT)
[debug] [2017-06-28T20:10:52.450Z] >>> HTTP REQUEST GET https://apikeys.googleapis.com/v1/projects/scarecrow-aafc8/apiKeys  
 Wed Jun 28 2017 16:10:52 GMT-0400 (EDT)
